Unity Editor version:    2020.3.20f1 (41c4e627c95f)
Branch:                  2020.3/staging
Build type:              Release
Batch mode:              YES
macOS version:           Version 11.5.2 (Build 20G95)
Darwin version:          20.6.0
Architecture:            x86_64
Running under Rosetta:   NO
Available memory:        16384 MB
Using pre-set license
Pro License: NO

COMMAND LINE ARGUMENTS:
/Applications/Unity/Hub/Editor/2020.3.20f1/Unity.app/Contents/MacOS/Unity
-adb2
-batchMode
-noUpm
-name
AssetImportWorker0
-projectPath
/Users/xe-xe/Downloads/azi_mobile-MeirDosm-master-patch-80042
-logFile
Logs/AssetImportWorker0.log
-srvPort
55720
Successfully changed project path to: /Users/xe-xe/Downloads/azi_mobile-MeirDosm-master-patch-80042
/Users/xe-xe/Downloads/azi_mobile-MeirDosm-master-patch-80042
Using Asset Import Pipeline V2.
Refreshing native plugins compatible for Editor in 112.10 ms, found 2 plugins.
Preloading 0 native plugins for Editor in 0.00 ms.
Initialize engine version: 2020.3.20f1 (41c4e627c95f)
[Subsystems] Discovering subsystems at path /Applications/Unity/Hub/Editor/2020.3.20f1/Unity.app/Contents/Resources/UnitySubsystems
[Subsystems] Discovering subsystems at path /Users/xe-xe/Downloads/azi_mobile-MeirDosm-master-patch-80042/Assets
GfxDevice: creating device client; threaded=0
2021-11-15 17:42:58.235 Unity[9607:228898] Color LCD preferred device: Intel(R) UHD Graphics 630 (low power)
2021-11-15 17:42:58.236 Unity[9607:228898] Metal devices available: 2
2021-11-15 17:42:58.236 Unity[9607:228898] 0: AMD Radeon Pro 555X (high power)
2021-11-15 17:42:58.236 Unity[9607:228898] 1: Intel(R) UHD Graphics 630 (low power)
2021-11-15 17:42:58.236 Unity[9607:228898] Using device AMD Radeon Pro 555X (high power)
Initializing Metal device caps: AMD Radeon Pro 555X
Initialize mono
Mono path[0] = '/Applications/Unity/Hub/Editor/2020.3.20f1/Unity.app/Contents/Managed'
Mono path[1] = '/Applications/Unity/Hub/Editor/2020.3.20f1/Unity.app/Contents/MonoBleedingEdge/lib/mono/unityjit'
Mono config path = '/Applications/Unity/Hub/Editor/2020.3.20f1/Unity.app/Contents/MonoBleedingEdge/etc'
Using monoOptions --debugger-agent=transport=dt_socket,embedding=1,server=y,suspend=n,address=127.0.0.1:56607
Begin MonoManager ReloadAssembly
Registering precompiled unity dll's ...
Register platform support module: /Applications/Unity/Hub/Editor/2020.3.20f1/Unity.app/Contents/PlaybackEngines/MacStandaloneSupport/UnityEditor.OSXStandalone.Extensions.dll
Registered in 0.000510 seconds.
Native extension for OSXStandalone target not found
Refreshing native plugins compatible for Editor in 57.07 ms, found 2 plugins.
Preloading 0 native plugins for Editor in 0.00 ms.
Mono: successfully reloaded assembly
- Completed reload, in  3.367 seconds
Domain Reload Profiling:
	ReloadAssembly (3367ms)
		BeginReloadAssembly (55ms)
			ExecutionOrderSort (0ms)
			DisableScriptedObjects (0ms)
			BackupInstance (0ms)
			ReleaseScriptingObjects (0ms)
			CreateAndSetChildDomain (1ms)
		EndReloadAssembly (476ms)
			LoadAssemblies (54ms)
			RebuildTransferFunctionScriptingTraits (0ms)
			SetupTypeCache (181ms)
			ReleaseScriptCaches (0ms)
			RebuildScriptCaches (40ms)
			SetupLoadedEditorAssemblies (194ms)
				LogAssemblyErrors (0ms)
				InitializePlatformSupportModulesInManaged (4ms)
				SetLoadedEditorAssemblies (0ms)
				RefreshPlugins (57ms)
				BeforeProcessingInitializeOnLoad (8ms)
				ProcessInitializeOnLoadAttributes (95ms)
				ProcessInitializeOnLoadMethodAttributes (30ms)
				AfterProcessingInitializeOnLoad (0ms)
				EditorAssembliesLoaded (0ms)
			ExecutionOrderSort2 (0ms)
			AwakeInstancesAfterBackupRestoration (0ms)
Platform modules already initialized, skipping
Registering precompiled user dll's ...
Registered in 0.004150 seconds.
Begin MonoManager ReloadAssembly
Native extension for OSXStandalone target not found
Refreshing native plugins compatible for Editor in 2.93 ms, found 2 plugins.
Preloading 0 native plugins for Editor in 0.00 ms.
System.ArgumentNullException: Value cannot be null.
Parameter name: fieldInfo
  at Sirenix.Utilities.EmitUtilities.CreateStaticFieldSetter[FieldType] (System.Reflection.FieldInfo fieldInfo) [0x0009e] in C:\Projects\sirenix-development-framework\Sirenix Solution\Sirenix.Utilities\Misc\EmitUtilities.cs:210 
  at Sirenix.Utilities.Editor.GUIHelper..cctor () [0x001ad] in C:\Projects\sirenix-development-framework\Sirenix Solution\Sirenix.Utilities.Editor\GUI\GUIHelper.cs:87 
UnityEngine.StackTraceUtility:ExtractStackTrace () (at /Users/bokken/buildslave/unity/build/Runtime/Export/Scripting/StackTrace.cs:37)
UnityEngine.DebugLogHandler:LogFormat (UnityEngine.LogType,UnityEngine.Object,string,object[])
UnityEngine.Logger:Log (UnityEngine.LogType,object)
UnityEngine.Debug:LogError (object)
UnityEditor.EditorAssemblies:ProcessInitializeOnLoadAttributes (System.Type[]) (at /Users/bokken/buildslave/unity/build/Editor/Mono/EditorAssemblies.cs:138)

(Filename: /Users/bokken/buildslave/unity/build/Editor/Mono/EditorAssemblies.cs Line: 138)

Mono: successfully reloaded assembly
- Completed reload, in  2.243 seconds
Domain Reload Profiling:
	ReloadAssembly (2244ms)
		BeginReloadAssembly (214ms)
			ExecutionOrderSort (0ms)
			DisableScriptedObjects (7ms)
			BackupInstance (0ms)
			ReleaseScriptingObjects (0ms)
			CreateAndSetChildDomain (40ms)
		EndReloadAssembly (1954ms)
			LoadAssemblies (111ms)
			RebuildTransferFunctionScriptingTraits (0ms)
			SetupTypeCache (413ms)
			ReleaseScriptCaches (0ms)
			RebuildScriptCaches (65ms)
			SetupLoadedEditorAssemblies (1220ms)
				LogAssemblyErrors (0ms)
				InitializePlatformSupportModulesInManaged (8ms)
				SetLoadedEditorAssemblies (1ms)
				RefreshPlugins (3ms)
				BeforeProcessingInitializeOnLoad (74ms)
				ProcessInitializeOnLoadAttributes (1111ms)
				ProcessInitializeOnLoadMethodAttributes (21ms)
				AfterProcessingInitializeOnLoad (2ms)
				EditorAssembliesLoaded (0ms)
			ExecutionOrderSort2 (0ms)
			AwakeInstancesAfterBackupRestoration (9ms)
Platform modules already initialized, skipping
Validating Project structure ... 0.036480 seconds.
Shader import version has changed; will reimport all shaders...
Upgrading shader files ...0.060581 seconds.
Application.AssetDatabase Initial Script Refresh Start
RefreshInfo: InitialScriptRefreshV2(NoUpdateAssetOptions) scanfilter:  ... 1 filters
RefreshProfiler: Total: 0.000ms
Application.AssetDatabase Initial Script Refresh End
Application.AssetDatabase.Refresh Start
Application.AssetDatabase.Refresh End
RefreshInfo: StopAssetImportingV2(ForceSynchronousImport) scanfilter: 
RefreshProfiler: Total: 0.000ms
Launching external process: /Applications/Unity/Hub/Editor/2020.3.20f1/Unity.app/Contents/Tools/UnityShaderCompiler
Launched and connected shader compiler UnityShaderCompiler after 0.01 seconds
Initializing Unity extensions:
[C# Project] Writing /Users/xe-xe/Downloads/azi_mobile-MeirDosm-master-patch-80042/azi_mobile-MeirDosm-master-patch-80042.sln because it has changed
[C# Project] First difference on line 1

[C# Project] Current /Users/xe-xe/Downloads/azi_mobile-MeirDosm-master-patch-80042/azi_mobile-MeirDosm-master-patch-80042.sln:
[C# Project]   001: Microsoft Visual Studio Solution File, Format Version 11.00
[C# Project]   002: # Visual Studio 2010
[C# Project]   003: Project("{FAE04EC0-301F-11D3-BF4B-00C04F79EFBC}") = "Assembly-CSharp-firstpass", "Assembly-CSharp-firstpass.csproj", "{D08F9C75-8D48-F041-22B3-889D2860CAE3}"
[C# Project]   004: EndProject
[C# Project]   005: Project("{FAE04EC0-301F-11D3-BF4B-00C04F79EFBC}") = "Assembly-CSharp", "Assembly-CSharp.csproj", "{2122A970-4AC3-E601-1DBB-07D0BAF12BEB}"

[C# Project] New /Users/xe-xe/Downloads/azi_mobile-MeirDosm-master-patch-80042/azi_mobile-MeirDosm-master-patch-80042.sln:
[C# Project]   001: 
[C# Project]   002: Microsoft Visual Studio Solution File, Format Version 11.00
[C# Project]   003: # Visual Studio 2010
[C# Project]   004: Project("{FAE04EC0-301F-11D3-BF4B-00C04F79EFBC}") = "UnityEngine.UI", "UnityEngine.UI.csproj", "{747BA9D3-A7E5-7427-8E6C-EAE819C0E785}"
[C# Project]   005: EndProject
[C# Project] Writing /Users/xe-xe/Downloads/azi_mobile-MeirDosm-master-patch-80042/Assembly-CSharp-firstpass.csproj because it has changed
[C# Project] First difference on line 7

[C# Project] Current /Users/xe-xe/Downloads/azi_mobile-MeirDosm-master-patch-80042/Assembly-CSharp-firstpass.csproj:
[C# Project]   007:     <ProjectTypeGuids>{E097FAD1-6243-4DAD-9C02-E9B9EFC3FFC1};{FAE04EC0-301F-11D3-BF4B-00C04F79EFBC}</ProjectTypeGuids>
[C# Project]   008:     <_TargetFrameworkDirectories>non_empty_path_generated_by_rider_editor_plugin</_TargetFrameworkDirectories>
[C# Project]   009:     <_FullFrameworkReferenceAssemblyPaths>non_empty_path_generated_by_rider_editor_plugin</_FullFrameworkReferenceAssemblyPaths>
[C# Project]   010:     <DisableHandlePackageFileConflicts>true</DisableHandlePackageFileConflicts>
[C# Project]   011:   </PropertyGroup>

[C# Project] New /Users/xe-xe/Downloads/azi_mobile-MeirDosm-master-patch-80042/Assembly-CSharp-firstpass.csproj:
[C# Project]   007:   </PropertyGroup>
[C# Project]   008:   <PropertyGroup>
[C# Project]   009:     <Configuration Condition=" '$(Configuration)' == '' ">Debug</Configuration>
[C# Project]   010:     <Platform Condition=" '$(Platform)' == '' ">AnyCPU</Platform>
[C# Project]   011:     <ProductVersion>10.0.20506</ProductVersion>
[C# Project] Writing /Users/xe-xe/Downloads/azi_mobile-MeirDosm-master-patch-80042/Assembly-CSharp.csproj because it has changed
[C# Project] First difference on line 7

[C# Project] Current /Users/xe-xe/Downloads/azi_mobile-MeirDosm-master-patch-80042/Assembly-CSharp.csproj:
[C# Project]   007:     <ProjectTypeGuids>{E097FAD1-6243-4DAD-9C02-E9B9EFC3FFC1};{FAE04EC0-301F-11D3-BF4B-00C04F79EFBC}</ProjectTypeGuids>
[C# Project]   008:     <_TargetFrameworkDirectories>non_empty_path_generated_by_rider_editor_plugin</_TargetFrameworkDirectories>
[C# Project]   009:     <_FullFrameworkReferenceAssemblyPaths>non_empty_path_generated_by_rider_editor_plugin</_FullFrameworkReferenceAssemblyPaths>
[C# Project]   010:     <DisableHandlePackageFileConflicts>true</DisableHandlePackageFileConflicts>
[C# Project]   011:   </PropertyGroup>

[C# Project] New /Users/xe-xe/Downloads/azi_mobile-MeirDosm-master-patch-80042/Assembly-CSharp.csproj:
[C# Project]   007:   </PropertyGroup>
[C# Project]   008:   <PropertyGroup>
[C# Project]   009:     <Configuration Condition=" '$(Configuration)' == '' ">Debug</Configuration>
[C# Project]   010:     <Platform Condition=" '$(Platform)' == '' ">AnyCPU</Platform>
[C# Project]   011:     <ProductVersion>10.0.20506</ProductVersion>
[C# Project] Writing /Users/xe-xe/Downloads/azi_mobile-MeirDosm-master-patch-80042/Sirenix.OdinInspector.CompatibilityLayer.csproj because it has changed
[C# Project] First difference on line 7

[C# Project] Current /Users/xe-xe/Downloads/azi_mobile-MeirDosm-master-patch-80042/Sirenix.OdinInspector.CompatibilityLayer.csproj:
[C# Project]   007:     <ProjectTypeGuids>{E097FAD1-6243-4DAD-9C02-E9B9EFC3FFC1};{FAE04EC0-301F-11D3-BF4B-00C04F79EFBC}</ProjectTypeGuids>
[C# Project]   008:     <_TargetFrameworkDirectories>non_empty_path_generated_by_rider_editor_plugin</_TargetFrameworkDirectories>
[C# Project]   009:     <_FullFrameworkReferenceAssemblyPaths>non_empty_path_generated_by_rider_editor_plugin</_FullFrameworkReferenceAssemblyPaths>
[C# Project]   010:     <DisableHandlePackageFileConflicts>true</DisableHandlePackageFileConflicts>
[C# Project]   011:   </PropertyGroup>

[C# Project] New /Users/xe-xe/Downloads/azi_mobile-MeirDosm-master-patch-80042/Sirenix.OdinInspector.CompatibilityLayer.csproj:
[C# Project]   007:   </PropertyGroup>
[C# Project]   008:   <PropertyGroup>
[C# Project]   009:     <Configuration Condition=" '$(Configuration)' == '' ">Debug</Configuration>
[C# Project]   010:     <Platform Condition=" '$(Platform)' == '' ">AnyCPU</Platform>
[C# Project]   011:     <ProductVersion>10.0.20506</ProductVersion>
[C# Project] Writing /Users/xe-xe/Downloads/azi_mobile-MeirDosm-master-patch-80042/Sirenix.OdinInspector.CompatibilityLayer.Editor.csproj because it has changed
[C# Project] First difference on line 7

[C# Project] Current /Users/xe-xe/Downloads/azi_mobile-MeirDosm-master-patch-80042/Sirenix.OdinInspector.CompatibilityLayer.Editor.csproj:
[C# Project]   007:     <ProjectTypeGuids>{E097FAD1-6243-4DAD-9C02-E9B9EFC3FFC1};{FAE04EC0-301F-11D3-BF4B-00C04F79EFBC}</ProjectTypeGuids>
[C# Project]   008:     <_TargetFrameworkDirectories>non_empty_path_generated_by_rider_editor_plugin</_TargetFrameworkDirectories>
[C# Project]   009:     <_FullFrameworkReferenceAssemblyPaths>non_empty_path_generated_by_rider_editor_plugin</_FullFrameworkReferenceAssemblyPaths>
[C# Project]   010:     <DisableHandlePackageFileConflicts>true</DisableHandlePackageFileConflicts>
[C# Project]   011:   </PropertyGroup>

[C# Project] New /Users/xe-xe/Downloads/azi_mobile-MeirDosm-master-patch-80042/Sirenix.OdinInspector.CompatibilityLayer.Editor.csproj:
[C# Project]   007:   </PropertyGroup>
[C# Project]   008:   <PropertyGroup>
[C# Project]   009:     <Configuration Condition=" '$(Configuration)' == '' ">Debug</Configuration>
[C# Project]   010:     <Platform Condition=" '$(Platform)' == '' ">AnyCPU</Platform>
[C# Project]   011:     <ProductVersion>10.0.20506</ProductVersion>
[C# Project] Writing /Users/xe-xe/Downloads/azi_mobile-MeirDosm-master-patch-80042/Assembly-CSharp-Editor-firstpass.csproj because it has changed
[C# Project] First difference on line 7

[C# Project] Current /Users/xe-xe/Downloads/azi_mobile-MeirDosm-master-patch-80042/Assembly-CSharp-Editor-firstpass.csproj:
[C# Project]   007:     <ProjectTypeGuids>{E097FAD1-6243-4DAD-9C02-E9B9EFC3FFC1};{FAE04EC0-301F-11D3-BF4B-00C04F79EFBC}</ProjectTypeGuids>
[C# Project]   008:     <_TargetFrameworkDirectories>non_empty_path_generated_by_rider_editor_plugin</_TargetFrameworkDirectories>
[C# Project]   009:     <_FullFrameworkReferenceAssemblyPaths>non_empty_path_generated_by_rider_editor_plugin</_FullFrameworkReferenceAssemblyPaths>
[C# Project]   010:     <DisableHandlePackageFileConflicts>true</DisableHandlePackageFileConflicts>
[C# Project]   011:   </PropertyGroup>

[C# Project] New /Users/xe-xe/Downloads/azi_mobile-MeirDosm-master-patch-80042/Assembly-CSharp-Editor-firstpass.csproj:
[C# Project]   007:   </PropertyGroup>
[C# Project]   008:   <PropertyGroup>
[C# Project]   009:     <Configuration Condition=" '$(Configuration)' == '' ">Debug</Configuration>
[C# Project]   010:     <Platform Condition=" '$(Platform)' == '' ">AnyCPU</Platform>
[C# Project]   011:     <ProductVersion>10.0.20506</ProductVersion>
[C# Project] Writing /Users/xe-xe/Downloads/azi_mobile-MeirDosm-master-patch-80042/Assembly-CSharp-Editor.csproj because it has changed
[C# Project] First difference on line 7

[C# Project] Current /Users/xe-xe/Downloads/azi_mobile-MeirDosm-master-patch-80042/Assembly-CSharp-Editor.csproj:
[C# Project]   007:     <ProjectTypeGuids>{E097FAD1-6243-4DAD-9C02-E9B9EFC3FFC1};{FAE04EC0-301F-11D3-BF4B-00C04F79EFBC}</ProjectTypeGuids>
[C# Project]   008:     <_TargetFrameworkDirectories>non_empty_path_generated_by_rider_editor_plugin</_TargetFrameworkDirectories>
[C# Project]   009:     <_FullFrameworkReferenceAssemblyPaths>non_empty_path_generated_by_rider_editor_plugin</_FullFrameworkReferenceAssemblyPaths>
[C# Project]   010:     <DisableHandlePackageFileConflicts>true</DisableHandlePackageFileConflicts>
[C# Project]   011:   </PropertyGroup>

[C# Project] New /Users/xe-xe/Downloads/azi_mobile-MeirDosm-master-patch-80042/Assembly-CSharp-Editor.csproj:
[C# Project]   007:   </PropertyGroup>
[C# Project]   008:   <PropertyGroup>
[C# Project]   009:     <Configuration Condition=" '$(Configuration)' == '' ">Debug</Configuration>
[C# Project]   010:     <Platform Condition=" '$(Platform)' == '' ">AnyCPU</Platform>
[C# Project]   011:     <ProductVersion>10.0.20506</ProductVersion>
Cannot add menu item 'Window/Smart Localization' for method 'SmartLocalizationWindow.ShowWindow' because a menu item with the same name already exists.
========================================================================
Worker process is ready to serve import requests
Refreshing native plugins compatible for Editor in 1.94 ms, found 2 plugins.
Preloading 0 native plugins for Editor in 0.00 ms.
Unloading 2343 Unused Serialized files (Serialized files now loaded: 0)
System memory in use before: 224.1 MB.
System memory in use after: 223.2 MB.

Unloading 554 unused Assets to reduce memory usage. Loaded Objects now: 2629.
Total: 26.625292 ms (FindLiveObjects: 0.235224 ms CreateObjectMapping: 0.098604 ms MarkObjects: 25.570542 ms  DeleteObjects: 0.719985 ms)

AssetImportParameters requested are different than current active one (requested -> active):
  custom:video-decoder-ogg-theora: a1e56fd34408186e4bbccfd4996cb3dc -> 
  custom:container-muxer-webm: aa71ff27fc2769a1b78a27578f13a17b -> 
  custom:container-demuxer-webm: 4f35f7cbe854078d1ac9338744f61a02 -> 
  custom:container-demuxer-ogg: 62fdf1f143b41e24485cea50d1cbac27 -> 
  custom:video-encoder-webm-vp8: eb34c28f22e8b96e1ab97ce403110664 -> 
  custom:framework-osx-AVFoundation: e770b220cccbd017edd2c1fefb359320 -> 
  custom:video-decoder-webm-vp8: 9c59270c3fd7afecdb556c50c9e8de78 -> 
  custom:audio-decoder-ogg-vorbis: bf7c407c2cedff20999df2af8eb42d56 -> 
  custom:audio-encoder-webm-vorbis: bf7c407c2cedff20999df2af8eb42d56 -> 
========================================================================
Received Import Request.
  path: Assets/DropDownListDay.prefab
  artifactKey: Guid(1a829e6b85698494f844663187c0fbf6) Importer(815301076,1909f56bfc062723c751e8b465ee728b)
Start importing Assets/DropDownListDay.prefab using Guid(1a829e6b85698494f844663187c0fbf6) Importer(815301076,1909f56bfc062723c751e8b465ee728b)  -> (artifact id: '8afeba391fe5d57c2bb0e7830d038202') in 0.873562 seconds 
  Import took 0.877470 seconds .

========================================================================
Received Import Request.
  Time since last request: 0.002789 seconds.
  path: Assets/Panel.prefab
  artifactKey: Guid(93169b0bfb0679946a318380882d1fb6) Importer(815301076,1909f56bfc062723c751e8b465ee728b)
Start importing Assets/Panel.prefab using Guid(93169b0bfb0679946a318380882d1fb6) Importer(815301076,1909f56bfc062723c751e8b465ee728b)  -> (artifact id: '684dcdf6d85b248a602d301fb6de9060') in 0.004817 seconds 
  Import took 0.008732 seconds .

========================================================================
Received Import Request.
  Time since last request: 0.000307 seconds.
  path: Assets/Canvas.prefab
  artifactKey: Guid(cd790c1c16124f544bbe0855f0cb733d) Importer(815301076,1909f56bfc062723c751e8b465ee728b)
Start importing Assets/Canvas.prefab using Guid(cd790c1c16124f544bbe0855f0cb733d) Importer(815301076,1909f56bfc062723c751e8b465ee728b)  -> (artifact id: '891848410608729182b052d0a8455727') in 0.142307 seconds 
  Import took 0.150721 seconds .

========================================================================
Received Import Request.
  Time since last request: 3.648514 seconds.
  path: Assets/test1.unity
  artifactKey: Guid(6d9eb352cbff3214e8e526e0100723bc) Importer(815301076,1909f56bfc062723c751e8b465ee728b)
Start importing Assets/test1.unity using Guid(6d9eb352cbff3214e8e526e0100723bc) Importer(815301076,1909f56bfc062723c751e8b465ee728b)  -> (artifact id: '55063dbc5210260d1e24f72119906342') in 0.001796 seconds 
  Import took 0.005597 seconds .

========================================================================
Received Import Request.
  Time since last request: 4.071315 seconds.
  path: Assets/MainMobile.unity
  artifactKey: Guid(ea727b02bf91bac4595c9587be031dcc) Importer(815301076,1909f56bfc062723c751e8b465ee728b)
Start importing Assets/MainMobile.unity using Guid(ea727b02bf91bac4595c9587be031dcc) Importer(815301076,1909f56bfc062723c751e8b465ee728b)  -> (artifact id: '0ed0271a9990c246e2d849cdcce52bcf') in 0.001462 seconds 
  Import took 0.005134 seconds .

========================================================================
Received Import Request.
  Time since last request: 18.208332 seconds.
  path: Assets/preloader.unity
  artifactKey: Guid(9de37de4c8425e046a4c7a6a56810992) Importer(815301076,1909f56bfc062723c751e8b465ee728b)
Start importing Assets/preloader.unity using Guid(9de37de4c8425e046a4c7a6a56810992) Importer(815301076,1909f56bfc062723c751e8b465ee728b)  -> (artifact id: '125d0024bb769459f03aa41c5c57d232') in 0.001555 seconds 
  Import took 0.006058 seconds .

========================================================================
Received Prepare
Registering precompiled user dll's ...
Registered in 0.004926 seconds.
Begin MonoManager ReloadAssembly
Native extension for OSXStandalone target not found
Refreshing native plugins compatible for Editor in 1.98 ms, found 2 plugins.
Preloading 0 native plugins for Editor in 0.00 ms.
Cannot add menu item 'Window/Smart Localization' for method 'SmartLocalizationWindow.ShowWindow' because a menu item with the same name already exists.
System.ArgumentNullException: Value cannot be null.
Parameter name: fieldInfo
  at Sirenix.Utilities.EmitUtilities.CreateStaticFieldSetter[FieldType] (System.Reflection.FieldInfo fieldInfo) [0x0009e] in C:\Projects\sirenix-development-framework\Sirenix Solution\Sirenix.Utilities\Misc\EmitUtilities.cs:210 
  at Sirenix.Utilities.Editor.GUIHelper..cctor () [0x001ad] in C:\Projects\sirenix-development-framework\Sirenix Solution\Sirenix.Utilities.Editor\GUI\GUIHelper.cs:87 
UnityEngine.StackTraceUtility:ExtractStackTrace () (at /Users/bokken/buildslave/unity/build/Runtime/Export/Scripting/StackTrace.cs:37)
UnityEngine.DebugLogHandler:LogFormat (UnityEngine.LogType,UnityEngine.Object,string,object[])
UnityEngine.Logger:Log (UnityEngine.LogType,object)
UnityEngine.Debug:LogError (object)
UnityEditor.EditorAssemblies:ProcessInitializeOnLoadAttributes (System.Type[]) (at /Users/bokken/buildslave/unity/build/Editor/Mono/EditorAssemblies.cs:138)

(Filename: /Users/bokken/buildslave/unity/build/Editor/Mono/EditorAssemblies.cs Line: 138)

Mono: successfully reloaded assembly
- Completed reload, in  2.128 seconds
Domain Reload Profiling:
	ReloadAssembly (2128ms)
		BeginReloadAssembly (188ms)
			ExecutionOrderSort (0ms)
			DisableScriptedObjects (6ms)
			BackupInstance (0ms)
			ReleaseScriptingObjects (0ms)
			CreateAndSetChildDomain (111ms)
		EndReloadAssembly (1865ms)
			LoadAssemblies (98ms)
			RebuildTransferFunctionScriptingTraits (0ms)
			SetupTypeCache (415ms)
			ReleaseScriptCaches (1ms)
			RebuildScriptCaches (49ms)
			SetupLoadedEditorAssemblies (1181ms)
				LogAssemblyErrors (0ms)
				InitializePlatformSupportModulesInManaged (5ms)
				SetLoadedEditorAssemblies (1ms)
				RefreshPlugins (2ms)
				BeforeProcessingInitializeOnLoad (93ms)
				ProcessInitializeOnLoadAttributes (1062ms)
				ProcessInitializeOnLoadMethodAttributes (17ms)
				AfterProcessingInitializeOnLoad (1ms)
				EditorAssembliesLoaded (0ms)
			ExecutionOrderSort2 (0ms)
			AwakeInstancesAfterBackupRestoration (8ms)
Platform modules already initialized, skipping
Switching build target platform(2) subTarget(0) extendedPlatform(0) -> platform(13) subTarget(589824) extendedPlatform(0)
Refreshing native plugins compatible for Editor in 1.96 ms, found 2 plugins.
Preloading 0 native plugins for Editor in 0.00 ms.
Unloading 2339 Unused Serialized files (Serialized files now loaded: 0)
System memory in use before: 227.1 MB.
System memory in use after: 227.3 MB.

Unloading 284 unused Assets to reduce memory usage. Loaded Objects now: 2634.
Total: 24.014818 ms (FindLiveObjects: 0.241367 ms CreateObjectMapping: 0.098867 ms MarkObjects: 23.588298 ms  DeleteObjects: 0.085071 ms)

AssetImportParameters requested are different than current active one (requested -> active):
  custom:video-decoder-ogg-theora: a1e56fd34408186e4bbccfd4996cb3dc -> 
  custom:container-muxer-webm: aa71ff27fc2769a1b78a27578f13a17b -> 
  custom:container-demuxer-webm: 4f35f7cbe854078d1ac9338744f61a02 -> 
  custom:container-demuxer-ogg: 62fdf1f143b41e24485cea50d1cbac27 -> 
  custom:video-encoder-webm-vp8: eb34c28f22e8b96e1ab97ce403110664 -> 
  custom:framework-osx-AVFoundation: e770b220cccbd017edd2c1fefb359320 -> 
  custom:video-decoder-webm-vp8: 9c59270c3fd7afecdb556c50c9e8de78 -> 
  custom:graphics/normal-map-encoding: 01000000000000000000000000000000 -> 02000000000000000000000000000000
  custom:audio-decoder-ogg-vorbis: bf7c407c2cedff20999df2af8eb42d56 -> 
  custom:audio-encoder-webm-vorbis: bf7c407c2cedff20999df2af8eb42d56 -> 
========================================================================
Received Prepare
Refreshing native plugins compatible for Editor in 33.04 ms, found 2 plugins.
Preloading 0 native plugins for Editor in 0.00 ms.
Unloading 279 Unused Serialized files (Serialized files now loaded: 0)
System memory in use before: 186.3 MB.
System memory in use after: 186.5 MB.

Unloading 279 unused Assets to reduce memory usage. Loaded Objects now: 2634.
Total: 22.801499 ms (FindLiveObjects: 0.189989 ms CreateObjectMapping: 0.073338 ms MarkObjects: 22.471764 ms  DeleteObjects: 0.065605 ms)

AssetImportParameters requested are different than current active one (requested -> active):
  custom:video-decoder-ogg-theora: a1e56fd34408186e4bbccfd4996cb3dc -> 
  custom:container-muxer-webm: aa71ff27fc2769a1b78a27578f13a17b -> 
  custom:container-demuxer-webm: 4f35f7cbe854078d1ac9338744f61a02 -> 
  custom:container-demuxer-ogg: 62fdf1f143b41e24485cea50d1cbac27 -> 
  custom:video-encoder-webm-vp8: eb34c28f22e8b96e1ab97ce403110664 -> 
  custom:framework-osx-AVFoundation: e770b220cccbd017edd2c1fefb359320 -> 
  custom:video-decoder-webm-vp8: 9c59270c3fd7afecdb556c50c9e8de78 -> 
  custom:audio-decoder-ogg-vorbis: bf7c407c2cedff20999df2af8eb42d56 -> 
  custom:audio-encoder-webm-vorbis: bf7c407c2cedff20999df2af8eb42d56 -> 
========================================================================
Received Prepare
Registering precompiled user dll's ...
Registered in 0.004747 seconds.
Begin MonoManager ReloadAssembly
Native extension for OSXStandalone target not found
Refreshing native plugins compatible for Editor in 1.96 ms, found 2 plugins.
Preloading 0 native plugins for Editor in 0.00 ms.
Cannot add menu item 'Window/Smart Localization' for method 'SmartLocalizationWindow.ShowWindow' because a menu item with the same name already exists.
System.ArgumentNullException: Value cannot be null.
Parameter name: fieldInfo
  at Sirenix.Utilities.EmitUtilities.CreateStaticFieldSetter[FieldType] (System.Reflection.FieldInfo fieldInfo) [0x0009e] in C:\Projects\sirenix-development-framework\Sirenix Solution\Sirenix.Utilities\Misc\EmitUtilities.cs:210 
  at Sirenix.Utilities.Editor.GUIHelper..cctor () [0x001ad] in C:\Projects\sirenix-development-framework\Sirenix Solution\Sirenix.Utilities.Editor\GUI\GUIHelper.cs:87 
UnityEngine.StackTraceUtility:ExtractStackTrace () (at /Users/bokken/buildslave/unity/build/Runtime/Export/Scripting/StackTrace.cs:37)
UnityEngine.DebugLogHandler:LogFormat (UnityEngine.LogType,UnityEngine.Object,string,object[])
UnityEngine.Logger:Log (UnityEngine.LogType,object)
UnityEngine.Debug:LogError (object)
UnityEditor.EditorAssemblies:ProcessInitializeOnLoadAttributes (System.Type[]) (at /Users/bokken/buildslave/unity/build/Editor/Mono/EditorAssemblies.cs:138)

(Filename: /Users/bokken/buildslave/unity/build/Editor/Mono/EditorAssemblies.cs Line: 138)

Mono: successfully reloaded assembly
- Completed reload, in  2.074 seconds
Domain Reload Profiling:
	ReloadAssembly (2075ms)
		BeginReloadAssembly (155ms)
			ExecutionOrderSort (0ms)
			DisableScriptedObjects (5ms)
			BackupInstance (0ms)
			ReleaseScriptingObjects (0ms)
			CreateAndSetChildDomain (85ms)
		EndReloadAssembly (1857ms)
			LoadAssemblies (94ms)
			RebuildTransferFunctionScriptingTraits (0ms)
			SetupTypeCache (460ms)
			ReleaseScriptCaches (1ms)
			RebuildScriptCaches (58ms)
			SetupLoadedEditorAssemblies (1113ms)
				LogAssemblyErrors (0ms)
				InitializePlatformSupportModulesInManaged (5ms)
				SetLoadedEditorAssemblies (0ms)
				RefreshPlugins (2ms)
				BeforeProcessingInitializeOnLoad (110ms)
				ProcessInitializeOnLoadAttributes (981ms)
				ProcessInitializeOnLoadMethodAttributes (12ms)
				AfterProcessingInitializeOnLoad (1ms)
				EditorAssembliesLoaded (0ms)
			ExecutionOrderSort2 (0ms)
			AwakeInstancesAfterBackupRestoration (7ms)
Platform modules already initialized, skipping
Switching build target platform(2) subTarget(0) extendedPlatform(0) -> platform(13) subTarget(589824) extendedPlatform(0)
Refreshing native plugins compatible for Editor in 1.78 ms, found 2 plugins.
Preloading 0 native plugins for Editor in 0.00 ms.
Unloading 2339 Unused Serialized files (Serialized files now loaded: 0)
System memory in use before: 227.2 MB.
System memory in use after: 227.4 MB.

Unloading 281 unused Assets to reduce memory usage. Loaded Objects now: 2636.
Total: 25.146349 ms (FindLiveObjects: 0.219407 ms CreateObjectMapping: 0.083760 ms MarkObjects: 24.748510 ms  DeleteObjects: 0.093919 ms)

AssetImportParameters requested are different than current active one (requested -> active):
  custom:video-decoder-ogg-theora: a1e56fd34408186e4bbccfd4996cb3dc -> 
  custom:container-muxer-webm: aa71ff27fc2769a1b78a27578f13a17b -> 
  custom:container-demuxer-webm: 4f35f7cbe854078d1ac9338744f61a02 -> 
  custom:container-demuxer-ogg: 62fdf1f143b41e24485cea50d1cbac27 -> 
  custom:video-encoder-webm-vp8: eb34c28f22e8b96e1ab97ce403110664 -> 
  custom:framework-osx-AVFoundation: e770b220cccbd017edd2c1fefb359320 -> 
  custom:video-decoder-webm-vp8: 9c59270c3fd7afecdb556c50c9e8de78 -> 
  custom:graphics/normal-map-encoding: 01000000000000000000000000000000 -> 02000000000000000000000000000000
  custom:audio-decoder-ogg-vorbis: bf7c407c2cedff20999df2af8eb42d56 -> 
  custom:audio-encoder-webm-vorbis: bf7c407c2cedff20999df2af8eb42d56 -> 
========================================================================
Received Prepare
Registering precompiled user dll's ...
Registered in 0.006489 seconds.
Begin MonoManager ReloadAssembly
Native extension for OSXStandalone target not found
Refreshing native plugins compatible for Editor in 2.13 ms, found 2 plugins.
Preloading 0 native plugins for Editor in 0.00 ms.
Cannot add menu item 'Window/Smart Localization' for method 'SmartLocalizationWindow.ShowWindow' because a menu item with the same name already exists.
System.ArgumentNullException: Value cannot be null.
Parameter name: fieldInfo
  at Sirenix.Utilities.EmitUtilities.CreateStaticFieldSetter[FieldType] (System.Reflection.FieldInfo fieldInfo) [0x0009e] in C:\Projects\sirenix-development-framework\Sirenix Solution\Sirenix.Utilities\Misc\EmitUtilities.cs:210 
  at Sirenix.Utilities.Editor.GUIHelper..cctor () [0x001ad] in C:\Projects\sirenix-development-framework\Sirenix Solution\Sirenix.Utilities.Editor\GUI\GUIHelper.cs:87 
UnityEngine.StackTraceUtility:ExtractStackTrace () (at /Users/bokken/buildslave/unity/build/Runtime/Export/Scripting/StackTrace.cs:37)
UnityEngine.DebugLogHandler:LogFormat (UnityEngine.LogType,UnityEngine.Object,string,object[])
UnityEngine.Logger:Log (UnityEngine.LogType,object)
UnityEngine.Debug:LogError (object)
UnityEditor.EditorAssemblies:ProcessInitializeOnLoadAttributes (System.Type[]) (at /Users/bokken/buildslave/unity/build/Editor/Mono/EditorAssemblies.cs:138)

(Filename: /Users/bokken/buildslave/unity/build/Editor/Mono/EditorAssemblies.cs Line: 138)

Mono: successfully reloaded assembly
- Completed reload, in  2.113 seconds
Domain Reload Profiling:
	ReloadAssembly (2113ms)
		BeginReloadAssembly (156ms)
			ExecutionOrderSort (0ms)
			DisableScriptedObjects (6ms)
			BackupInstance (0ms)
			ReleaseScriptingObjects (0ms)
			CreateAndSetChildDomain (85ms)
		EndReloadAssembly (1879ms)
			LoadAssemblies (104ms)
			RebuildTransferFunctionScriptingTraits (0ms)
			SetupTypeCache (396ms)
			ReleaseScriptCaches (1ms)
			RebuildScriptCaches (49ms)
			SetupLoadedEditorAssemblies (1201ms)
				LogAssemblyErrors (0ms)
				InitializePlatformSupportModulesInManaged (5ms)
				SetLoadedEditorAssemblies (0ms)
				RefreshPlugins (2ms)
				BeforeProcessingInitializeOnLoad (108ms)
				ProcessInitializeOnLoadAttributes (1067ms)
				ProcessInitializeOnLoadMethodAttributes (16ms)
				AfterProcessingInitializeOnLoad (2ms)
				EditorAssembliesLoaded (0ms)
			ExecutionOrderSort2 (0ms)
			AwakeInstancesAfterBackupRestoration (9ms)
Platform modules already initialized, skipping
Switching build target platform(2) subTarget(0) extendedPlatform(0) -> platform(13) subTarget(589824) extendedPlatform(0)
Refreshing native plugins compatible for Editor in 1.97 ms, found 2 plugins.
Preloading 0 native plugins for Editor in 0.00 ms.
Unloading 2339 Unused Serialized files (Serialized files now loaded: 0)
System memory in use before: 227.5 MB.
System memory in use after: 227.7 MB.

Unloading 281 unused Assets to reduce memory usage. Loaded Objects now: 2638.
Total: 27.836922 ms (FindLiveObjects: 0.239591 ms CreateObjectMapping: 0.096706 ms MarkObjects: 27.410881 ms  DeleteObjects: 0.088463 ms)

AssetImportParameters requested are different than current active one (requested -> active):
  custom:video-decoder-ogg-theora: a1e56fd34408186e4bbccfd4996cb3dc -> 
  custom:container-muxer-webm: aa71ff27fc2769a1b78a27578f13a17b -> 
  custom:container-demuxer-webm: 4f35f7cbe854078d1ac9338744f61a02 -> 
  custom:container-demuxer-ogg: 62fdf1f143b41e24485cea50d1cbac27 -> 
  custom:video-encoder-webm-vp8: eb34c28f22e8b96e1ab97ce403110664 -> 
  custom:framework-osx-AVFoundation: e770b220cccbd017edd2c1fefb359320 -> 
  custom:video-decoder-webm-vp8: 9c59270c3fd7afecdb556c50c9e8de78 -> 
  custom:graphics/normal-map-encoding: 01000000000000000000000000000000 -> 02000000000000000000000000000000
  custom:audio-decoder-ogg-vorbis: bf7c407c2cedff20999df2af8eb42d56 -> 
  custom:audio-encoder-webm-vorbis: bf7c407c2cedff20999df2af8eb42d56 -> 
========================================================================
Received Prepare
Refreshing native plugins compatible for Editor in 39.48 ms, found 2 plugins.
Preloading 0 native plugins for Editor in 0.00 ms.
Unloading 279 Unused Serialized files (Serialized files now loaded: 0)
System memory in use before: 186.7 MB.
System memory in use after: 186.9 MB.

Unloading 279 unused Assets to reduce memory usage. Loaded Objects now: 2638.
Total: 29.841171 ms (FindLiveObjects: 0.210952 ms CreateObjectMapping: 0.084149 ms MarkObjects: 29.452223 ms  DeleteObjects: 0.092809 ms)

AssetImportParameters requested are different than current active one (requested -> active):
  custom:video-decoder-ogg-theora: a1e56fd34408186e4bbccfd4996cb3dc -> 
  custom:container-muxer-webm: aa71ff27fc2769a1b78a27578f13a17b -> 
  custom:container-demuxer-webm: 4f35f7cbe854078d1ac9338744f61a02 -> 
  custom:container-demuxer-ogg: 62fdf1f143b41e24485cea50d1cbac27 -> 
  custom:video-encoder-webm-vp8: eb34c28f22e8b96e1ab97ce403110664 -> 
  custom:framework-osx-AVFoundation: e770b220cccbd017edd2c1fefb359320 -> 
  custom:video-decoder-webm-vp8: 9c59270c3fd7afecdb556c50c9e8de78 -> 
  custom:audio-decoder-ogg-vorbis: bf7c407c2cedff20999df2af8eb42d56 -> 
  custom:audio-encoder-webm-vorbis: bf7c407c2cedff20999df2af8eb42d56 -> 
AssetImportWorkerClient::OnTransportError - code=2 error=End of file
